2013-12-14 10:23:39 - Date state updated to 2013-12-14T10:23:39
2013-12-14 10:23:39 - Weather_Temperature state updated to 0
2013-12-14 10:23:45 - Light_GF_Living_Table state updated to OFF
2013-12-14 10:23:45 - Light_GF_Corridor_Ceiling state updated to OFF
2013-12-14 10:23:45 - Light_GF_Kitchen_Ceiling state updated to OFF
2013-12-14 10:23:45 - Light_GF_Kitchen_Table state updated to OFF
2013-12-14 10:23:45 - Light_GF_Corridor_Wardrobe state updated to OFF
2013-12-14 10:23:45 - Light_GF_Toilet_Ceiling state updated to OFF
2013-12-14 10:23:45 - Light_GF_Toilet_Mirror state updated to ON
2013-12-14 10:23:45 - Light_FF_Bath_Ceiling state updated to ON
2013-12-14 10:23:45 - Light_FF_Bath_Mirror state updated to OFF
2013-12-14 10:23:45 - Light_FF_Corridor_Ceiling state updated to OFF
2013-12-14 10:23:45 - Light_FF_Office_Ceiling state updated to OFF
2013-12-14 10:23:45 - Light_FF_Child_Ceiling state updated to ON
2013-12-14 10:23:45 - Light_FF_Bed_Ceiling state updated to ON
2013-12-14 10:23:45 - Light_C_Corridor_Ceiling state updated to ON
2013-12-14 10:23:45 - Light_C_Staircase state updated to OFF
2013-12-14 10:23:45 - Light_C_Washing_Ceiling state updated to OFF
2013-12-14 10:23:45 - Light_C_Workshop state updated to OFF
2013-12-14 10:23:45 - Light_Outdoor_Garage state updated to OFF
2013-12-14 10:23:45 - Light_Outdoor_Terrace state updated to OFF
2013-12-14 10:23:45 - Light_Outdoor_Frontdoor state updated to OFF
2013-12-14 10:23:46 - Heating_GF_Corridor state updated to OFF
2013-12-14 10:23:46 - Heating_GF_Toilet state updated to OFF
2013-12-14 10:23:46 - Heating_GF_Living state updated to ON
2013-12-14 10:23:46 - Heating_GF_Kitchen state updated to OFF
2013-12-14 10:23:46 - Heating_FF_Bath state updated to OFF
2013-12-14 10:23:46 - Heating_FF_Office state updated to OFF
2013-12-14 10:23:46 - Heating_FF_Child state updated to ON
2013-12-14 10:23:46 - Heating_FF_Bed state updated to OFF
2013-12-14 10:23:46 - Temperature_Setpoint state updated to 22
2013-12-14 10:23:46 - Window_GF_Frontdoor state updated to OPEN
2013-12-14 10:23:46 - Window_GF_Kitchen state updated to OPEN
2013-12-14 10:23:46 - Window_GF_Living state updated to OPEN
2013-12-14 10:23:46 - Window_GF_Toilet state updated to CLOSED
2013-12-14 10:23:46 - Window_FF_Bath state updated to OPEN
2013-12-14 10:23:46 - Window_FF_Bed state updated to OPEN
2013-12-14 10:23:46 - Window_FF_Office_Window state updated to OPEN
2013-12-14 10:23:46 - Window_FF_Office_Door state updated to CLOSED
2013-12-14 10:23:46 - Garage_Door state updated to CLOSED
2013-12-14 10:23:46 - Temperature_GF_Corridor state updated to 21.90000000
2013-12-14 10:23:46 - Temperature_GF_Toilet state updated to 22.00000000
2013-12-14 10:23:46 - Temperature_GF_Living state updated to 19.60000000
2013-12-14 10:23:46 - Temperature_GF_Kitchen state updated to 18.00000000
2013-12-14 10:23:46 - Temperature_FF_Bath state updated to 18.50000000
2013-12-14 10:23:46 - Temperature_FF_Office state updated to 17.60000000
2013-12-14 10:23:46 - Temperature_FF_Child state updated to 22.50000000
2013-12-14 10:23:46 - Temperature_FF_Bed state updated to 21.50000000
2013-12-14 10:23:46 - Weather_Temp_Max state updated to 0
2013-12-14 10:23:46 - Weather_Temp_Min state updated to 0
2013-12-14 10:24:30 - Light_C_Staircase received command ON
2013-12-14 10:24:32 - Light_C_Staircase received command OFF
2013-12-14 10:24:38 - Light_C_Washing_Ceiling received command ON
2013-12-14 10:24:39 - Light_C_Washing_Ceiling received command OFF
2013-12-14 10:24:39 - Weather_Temperature state updated to 0
2013-12-14 10:24:54 - Light_C_Staircase received command ON
2013-12-14 10:25:00 - Heating_GF_Toilet received command ON
2013-12-14 10:25:00 - Temperature_GF_Corridor state updated to 21.30000000
2013-12-14 10:25:00 - Temperature_GF_Toilet state updated to 21.40000000
2013-12-14 10:25:00 - Temperature_GF_Living state updated to 18.20000000
2013-12-14 10:25:00 - Temperature_GF_Kitchen state updated to 20.60000000
2013-12-14 10:25:00 - Temperature_FF_Bath state updated to 21.50000000
2013-12-14 10:25:00 - Temperature_FF_Office state updated to 20.10000000
2013-12-14 10:25:00 - Temperature_FF_Child state updated to 22.50000000
2013-12-14 10:25:00 - Temperature_FF_Bed state updated to 22.00000000
2013-12-14 10:25:02 - Shutter_GF_Toilet received command UP
2013-12-14 10:25:03 - Shutter_GF_Toilet received command DOWN
2013-12-14 10:25:03 - Shutter_GF_Toilet received command DOWN
2013-12-14 10:25:05 - Light_GF_Toilet_Ceiling received command ON
2013-12-14 10:25:16 - Heating_GF_Corridor received command ON
2013-12-14 10:25:17 - Heating_GF_Kitchen received command ON
2013-12-14 10:25:18 - Heating_FF_Bath received command ON
2013-12-14 10:25:19 - Heating_FF_Office received command ON
2013-12-14 10:25:20 - Heating_FF_Bed received command ON
2013-12-14 10:25:21 - Heating_GF_Corridor received command OFF
2013-12-14 10:25:22 - Heating_GF_Kitchen received command OFF
2013-12-14 10:25:24 - Heating_FF_Office received command OFF
2013-12-14 10:25:24 - Heating_FF_Child received command OFF
2013-12-14 10:25:39 - Weather_Temperature state updated to 0
2013-12-14 10:26:40 - Weather_Temperature state updated to 0
2013-12-14 10:27:40 - Weather_Temperature state updated to 0
2013-12-14 10:28:24 - Light_GF_Living_Table received command OFF
2013-12-14 10:28:25 - Light_GF_Living_Table received command ON
2013-12-14 10:28:25 - Light_GF_Living_Table received command ON
2013-12-14 10:28:27 - Light_GF_Living_Table received command ON
2013-12-14 10:28:28 - Light_GF_Living_Table received command OFF
2013-12-14 10:28:28 - Light_GF_Living_Table received command ON
2013-12-14 10:28:29 - Light_GF_Living_Table received command OFF
2013-12-14 10:28:29 - Light_GF_Living_Table received command ON
2013-12-14 10:28:30 - Light_GF_Living_Table received command OFF
2013-12-14 10:28:31 - Light_GF_Living_Table received command ON
2013-12-14 10:28:32 - Light_GF_Living_Table received command ON
2013-12-14 10:28:33 - Light_GF_Living_Table received command OFF
2013-12-14 10:28:36 - Light_GF_Living_Table received command ON
2013-12-14 10:28:36 - Light_GF_Living_Table received command OFF
2013-12-14 10:28:37 - Light_GF_Living_Table received command ON
2013-12-14 10:28:38 - Light_GF_Living_Table received command OFF
2013-12-14 10:28:40 - Weather_Temperature state updated to 0
2013-12-14 10:28:40 - Light_GF_Living_Table received command ON
2013-12-14 10:28:45 - Light_GF_Living_Table received command INCREASE
2013-12-14 10:28:45 - Light_GF_Living_Table received command ON
2013-12-14 10:28:46 - Light_GF_Living_Table received command ON
2013-12-14 10:28:46 - Light_GF_Living_Table received command ON
2013-12-14 10:28:47 - Light_GF_Living_Table received command INCREASE
2013-12-14 10:28:47 - Light_GF_Living_Table received command INCREASE
2013-12-14 10:28:48 - Light_GF_Living_Table received command INCREASE
2013-12-14 10:28:48 - Light_GF_Living_Table received command INCREASE
2013-12-14 10:28:49 - Light_GF_Living_Table received command ON
2013-12-14 10:28:49 - Light_GF_Living_Table received command ON
2013-12-14 10:28:51 - Light_GF_Living_Table received command OFF
2013-12-14 10:28:51 - Light_GF_Living_Table received command OFF
2013-12-14 10:28:52 - Light_GF_Living_Table received command OFF
2013-12-14 10:28:53 - Light_GF_Living_Table received command ON
2013-12-14 10:28:56 - Light_GF_Living_Table received command OFF
2013-12-14 10:28:57 - Light_GF_Living_Table received command ON
2013-12-14 10:28:58 - Light_GF_Living_Table received command ON
2013-12-14 10:29:00 - Light_GF_Living_Table received command OFF
2013-12-14 10:29:02 - Light_GF_Living_Table received command OFF
2013-12-14 10:29:40 - Weather_Temperature state updated to 0
2013-12-14 10:30:00 - Temperature_GF_Corridor state updated to 20.20000000
2013-12-14 10:30:00 - Temperature_GF_Toilet state updated to 21.40000000
2013-12-14 10:30:00 - Temperature_GF_Living state updated to 20.30000000
2013-12-14 10:30:00 - Temperature_GF_Kitchen state updated to 20.90000000
2013-12-14 10:30:00 - Temperature_FF_Bath state updated to 20.00000000
2013-12-14 10:30:00 - Temperature_FF_Office state updated to 19.80000000
2013-12-14 10:30:00 - Temperature_FF_Child state updated to 19.10000000
2013-12-14 10:30:00 - Temperature_FF_Bed state updated to 22.20000000
2013-12-14 10:30:41 - Weather_Temperature state updated to 0
2013-12-14 10:31:41 - Weather_Temperature state updated to 0
2013-12-14 10:35:59 - Volume received command DECREASE
2013-12-14 10:36:00 - Volume received command INCREASE
2013-12-14 10:36:00 - Volume received command INCREASE
2013-12-14 10:36:01 - Volume received command DECREASE
2013-12-14 10:36:01 - Volume received command INCREASE
2013-12-14 10:36:06 - Radio_Station received command 2
2013-12-14 10:36:20 - Radio_Station received command 3
2013-12-14 10:36:52 - Radio_Station received command 0
2013-12-14 10:38:39 - Date state updated to 2013-12-14T10:38:39
2013-12-14 10:38:45 - DimmedLight received command ON
2013-12-14 10:38:45 - DimmedLight state updated to 100
2013-12-14 10:38:45 - DimmedLight received command ON
2013-12-14 10:38:45 - DimmedLight state updated to 100
2013-12-14 10:38:46 - DimmedLight received command OFF
2013-12-14 10:38:46 - DimmedLight state updated to 0
2013-12-14 10:38:46 - DimmedLight received command OFF
2013-12-14 10:38:46 - DimmedLight state updated to 0
2013-12-14 10:38:47 - DimmedLight received command ON
2013-12-14 10:38:47 - DimmedLight state updated to 100
2013-12-14 10:42:09 - RGBLight received command OFF
2013-12-14 10:42:09 - RGBLight received command ON
2013-12-14 10:42:10 - RGBLight received command ON
2013-12-14 10:42:11 - RGBLight received command OFF
2013-12-14 10:46:30 - Light_Front received command OFF
2013-12-14 10:46:30 - Light_Back received command OFF
2013-12-14 10:46:30 - Lights received command OFF
2013-12-14 10:46:31 - Light_Front received command OFF
2013-12-14 10:46:31 - Light_Back received command OFF
2013-12-14 10:46:31 - Lights received command OFF
2013-12-14 10:47:39 - DemoSwitch received command ON
2013-12-14 10:47:39 - DemoSwitch received command OFF
2013-12-14 10:47:41 - DemoSwitch received command ON
2013-12-14 10:47:42 - DemoSwitch received command ON
2013-12-14 10:47:42 - DemoSwitch received command ON
2013-12-14 10:47:43 - DemoSwitch received command OFF
2013-12-14 10:47:44 - DemoSwitch received command ON
2013-12-14 10:47:47 - DemoSwitch received command OFF
2013-12-14 10:47:48 - DemoSwitch received command ON
2013-12-14 10:47:49 - DemoSwitch received command OFF
2013-12-14 10:50:29 - Date state updated to 2013-12-14T10:50:29
2013-12-14 10:50:37 - Light_Front state updated to OFF
2013-12-14 10:50:37 - Light_Back state updated to OFF
2013-12-14 10:50:37 - Light_VeryFront state updated to OFF
2013-12-14 10:55:28 - Date state updated to 2013-12-14T10:55:28
2013-12-14 10:55:36 - Light_Front state updated to OFF
2013-12-14 10:55:36 - Light_Back state updated to OFF
2013-12-14 10:55:36 - Light_VeryFront state updated to OFF
2013-12-14 11:08:05 - Light_Front received command ON
2013-12-14 11:08:06 - Light_Front received command OFF
2013-12-14 11:08:06 - Light_Back received command ON
2013-12-14 11:08:08 - Light_Back received command OFF
2013-12-14 11:08:08 - Light_VeryFront received command ON
2013-12-14 11:08:10 - Light_VeryFront received command OFF
2013-12-14 11:08:12 - Shutter_Front received command DOWN
2013-12-14 11:08:13 - Shutter_Front received command UP
2013-12-14 11:08:15 - Shutter_Front received command DOWN
2013-12-14 11:08:17 - Shutter_Back received command DOWN
2013-12-14 11:08:18 - Shutter_Back received command UP
2013-12-14 11:10:28 - Date state updated to 2013-12-14T11:10:28
2013-12-14 11:25:28 - Date state updated to 2013-12-14T11:25:28
2013-12-14 11:26:23 - Scene_General received command 1
2013-12-14 11:26:25 - Scene_General received command 2
2013-12-14 11:26:25 - Scene_General received command 3
2013-12-14 11:27:49 - Light_Front received command OFF
2013-12-14 11:27:49 - Light_Back received command OFF
2013-12-14 11:27:49 - Light_VeryFront received command OFF
2013-12-14 11:27:49 - Lights received command OFF
2013-12-14 11:27:50 - Light_Front received command OFF
2013-12-14 11:27:50 - Light_Back received command OFF
2013-12-14 11:27:50 - Light_VeryFront received command OFF
2013-12-14 11:27:50 - Lights received command OFF
2013-12-14 11:27:52 - Light_Front received command OFF
2013-12-14 11:27:52 - Light_Back received command OFF
2013-12-14 11:27:52 - Light_VeryFront received command OFF
2013-12-14 11:27:52 - Lights received command OFF
2013-12-14 11:29:10 - Scene_General received command 2
2013-12-14 11:29:10 - Scene_General received command 1
2013-12-14 11:29:11 - Scene_General received command 3
2013-12-14 11:29:31 - Scene_General received command 1
2013-12-14 11:29:31 - Scene_General received command 2
2013-12-14 11:29:32 - Scene_General received command 3
2013-12-14 11:29:33 - Scene_General received command 2
2013-12-14 11:29:34 - Scene_General received command 1
2013-12-14 11:29:38 - Light_Front received command ON
2013-12-14 11:29:38 - Light_Back received command ON
2013-12-14 11:29:42 - Light_Front received command OFF
2013-12-14 11:29:42 - Light_Back received command OFF
2013-12-14 11:29:42 - Light_VeryFront received command OFF
2013-12-14 11:29:42 - Lights received command OFF
2013-12-14 11:29:54 - Light_VeryFront received command INCREASE
2013-12-14 11:29:54 - Light_VeryFront received command INCREASE
2013-12-14 11:29:54 - Light_Back received command ON
2013-12-14 11:29:54 - Light_VeryFront received command INCREASE
2013-12-14 11:29:55 - Light_VeryFront received command INCREASE
2013-12-14 11:29:56 - Light_Front received command ON
2013-12-14 11:29:57 - Light_VeryFront received command ON
2013-12-14 11:30:25 - Shutter_Front received command UP
2013-12-14 11:40:31 - Date state updated to 2013-12-14T11:40:31
2013-12-14 11:55:31 - Date state updated to 2013-12-14T11:55:31
2013-12-14 12:10:31 - Date state updated to 2013-12-14T12:10:31
2013-12-14 12:14:40 - Light_VeryFront received command ON
2013-12-14 12:14:41 - Light_VeryFront received command OFF
2013-12-14 12:15:51 - Light_VeryFront received command ON
2013-12-14 12:16:06 - Light_VeryFront received command OFF
2013-12-14 12:21:04 - Light_Front received command INCREASE
2013-12-14 12:21:05 - Light_Front received command INCREASE
2013-12-14 12:21:08 - Light_Front received command DECREASE
2013-12-14 12:21:09 - Light_Front received command OFF
2013-12-14 12:21:09 - Light_Back received command OFF
2013-12-14 12:21:09 - Lights received command OFF
2013-12-14 12:21:10 - Light_Front received command OFF
2013-12-14 12:21:10 - Light_Back received command OFF
2013-12-14 12:21:10 - Lights received command OFF
2013-12-14 12:21:13 - Light_Front received command INCREASE
2013-12-14 12:21:14 - Light_Front received command INCREASE
2013-12-14 12:21:15 - Light_Front received command INCREASE
2013-12-14 12:21:15 - Light_Front received command INCREASE
2013-12-14 12:21:15 - Light_Front received command INCREASE
2013-12-14 12:21:16 - Light_Front received command INCREASE
2013-12-14 12:21:16 - Light_Front received command INCREASE
2013-12-14 12:21:16 - Light_Front received command INCREASE
2013-12-14 12:21:16 - Light_Front received command INCREASE
2013-12-14 12:21:17 - Light_Front received command INCREASE
2013-12-14 12:21:17 - Light_Front received command INCREASE
2013-12-14 12:21:17 - Light_Front received command INCREASE
2013-12-14 12:21:59 - Light_Front state updated to ON
2013-12-14 12:21:59 - Light_Back state updated to OFF
2013-12-14 12:22:31 - Light_Front state updated to ON
2013-12-14 12:22:31 - Light_Back state updated to OFF
2013-12-14 12:22:36 - Light_Front received command DECREASE
2013-12-14 12:22:36 - Light_Front state updated to 95
2013-12-14 12:22:37 - Light_Front received command DECREASE
2013-12-14 12:22:37 - Light_Front state updated to 90
2013-12-14 12:22:38 - Light_Front received command DECREASE
2013-12-14 12:22:38 - Light_Front state updated to 85
2013-12-14 12:22:39 - Light_Back received command INCREASE
2013-12-14 12:22:39 - Light_Back state updated to 5
2013-12-14 12:22:40 - Light_Back received command INCREASE
2013-12-14 12:22:40 - Light_Back state updated to 10
2013-12-14 12:22:40 - Light_Back received command INCREASE
2013-12-14 12:22:40 - Light_Back state updated to 15
2013-12-14 12:22:41 - Light_Back received command INCREASE
2013-12-14 12:22:41 - Light_Back state updated to 20
2013-12-14 12:22:41 - Light_Back received command INCREASE
2013-12-14 12:22:41 - Light_Back state updated to 25
2013-12-14 12:22:41 - Light_Back received command INCREASE
2013-12-14 12:22:41 - Light_Back state updated to 30
2013-12-14 12:22:42 - Light_Front received command OFF
2013-12-14 12:22:42 - Light_Back received command OFF
2013-12-14 12:22:42 - Lights received command OFF
2013-12-14 12:22:42 - Light_Front state updated to 0
2013-12-14 12:22:42 - Light_Back state updated to 0
2013-12-14 12:22:43 - Light_Front state updated to OFF
2013-12-14 12:22:43 - Light_Back state updated to ON
2013-12-14 12:22:45 - Light_Front received command OFF
2013-12-14 12:22:45 - Light_Back received command OFF
2013-12-14 12:22:45 - Lights received command OFF
2013-12-14 12:22:45 - Light_Front state updated to 0
2013-12-14 12:22:45 - Light_Back state updated to 0
2013-12-14 12:22:46 - Light_Front received command DECREASE
2013-12-14 12:22:46 - Light_Front state updated to 0
2013-12-14 12:22:47 - Light_Front received command INCREASE
2013-12-14 12:22:47 - Light_Front state updated to 5
2013-12-14 12:22:47 - Light_Front received command INCREASE
2013-12-14 12:22:47 - Light_Front state updated to 10
2013-12-14 12:22:47 - Light_Front received command INCREASE
2013-12-14 12:22:47 - Light_Front state updated to 15
2013-12-14 12:22:48 - Light_Back received command INCREASE
2013-12-14 12:22:48 - Light_Back state updated to 5
2013-12-14 12:22:49 - Light_Back received command INCREASE
2013-12-14 12:22:49 - Light_Back state updated to 10
2013-12-14 12:22:49 - Light_Back received command INCREASE
2013-12-14 12:22:49 - Light_Back state updated to 15
2013-12-14 12:22:50 - Light_Front received command OFF
2013-12-14 12:22:50 - Light_Back received command OFF
2013-12-14 12:22:50 - Lights received command OFF
2013-12-14 12:22:50 - Light_Front state updated to 0
2013-12-14 12:22:50 - Light_Back state updated to 0
2013-12-14 12:22:51 - Light_Front received command INCREASE
2013-12-14 12:22:51 - Light_Front state updated to 5
2013-12-14 12:22:51 - Light_Front received command INCREASE
2013-12-14 12:22:51 - Light_Front state updated to 10
2013-12-14 12:22:52 - Light_Front received command INCREASE
2013-12-14 12:22:52 - Light_Front state updated to 15
2013-12-14 12:22:53 - Light_Front received command INCREASE
2013-12-14 12:22:53 - Light_Front state updated to 20
2013-12-14 12:22:53 - Light_Front received command INCREASE
2013-12-14 12:22:53 - Light_Front state updated to 25
2013-12-14 12:22:53 - Light_Front received command INCREASE
2013-12-14 12:22:53 - Light_Front state updated to 30
2013-12-14 12:22:54 - Light_Front received command INCREASE
2013-12-14 12:22:54 - Light_Front state updated to 35
2013-12-14 12:22:54 - Light_Front received command INCREASE
2013-12-14 12:22:54 - Light_Front state updated to 40
2013-12-14 12:22:54 - Light_Front received command INCREASE
2013-12-14 12:22:54 - Light_Front state updated to 45
2013-12-14 12:22:55 - Light_Front received command INCREASE
2013-12-14 12:22:55 - Light_Front state updated to 50
2013-12-14 12:22:55 - Light_Front received command INCREASE
2013-12-14 12:22:55 - Light_Front received command INCREASE
2013-12-14 12:22:55 - Light_Front state updated to 55
2013-12-14 12:22:55 - Light_Front state updated to 60
2013-12-14 12:22:55 - Light_Front received command INCREASE
2013-12-14 12:22:55 - Light_Front state updated to 65
2013-12-14 12:22:55 - Light_Front received command INCREASE
2013-12-14 12:22:55 - Light_Front state updated to 70
2013-12-14 12:22:55 - Light_Front received command INCREASE
2013-12-14 12:22:55 - Light_Front state updated to 75
2013-12-14 12:22:57 - Light_Front received command OFF
2013-12-14 12:22:57 - Light_Back received command OFF
2013-12-14 12:22:57 - Lights received command OFF
2013-12-14 12:22:57 - Light_Front state updated to 0
2013-12-14 12:22:57 - Light_Back state updated to 0
2013-12-14 12:22:58 - Light_Front received command INCREASE
2013-12-14 12:22:58 - Light_Front state updated to 5
2013-12-14 12:22:58 - Light_Front received command INCREASE
2013-12-14 12:22:58 - Light_Front state updated to 10
2013-12-14 12:22:58 - Light_Front received command INCREASE
2013-12-14 12:22:58 - Light_Front state updated to 15
2013-12-14 12:22:58 - Light_Front received command INCREASE
2013-12-14 12:22:58 - Light_Front state updated to 20
2013-12-14 12:22:58 - Light_Front received command INCREASE
2013-12-14 12:22:58 - Light_Front state updated to 25
2013-12-14 12:22:59 - Light_Front received command INCREASE
2013-12-14 12:22:59 - Light_Front state updated to 30
2013-12-14 12:22:59 - Light_Front received command INCREASE
2013-12-14 12:22:59 - Light_Front state updated to 35
2013-12-14 12:22:59 - Light_Front received command INCREASE
2013-12-14 12:22:59 - Light_Front state updated to 40
2013-12-14 12:22:59 - Light_Front received command INCREASE
2013-12-14 12:22:59 - Light_Front state updated to 45
2013-12-14 12:22:59 - Light_Front received command INCREASE
2013-12-14 12:22:59 - Light_Front state updated to 50
2013-12-14 12:22:59 - Light_Front received command INCREASE
2013-12-14 12:22:59 - Light_Front state updated to 55
2013-12-14 12:23:00 - Light_Front received command INCREASE
2013-12-14 12:23:00 - Light_Front state updated to 60
2013-12-14 12:23:00 - Light_Back received command INCREASE
2013-12-14 12:23:00 - Light_Back state updated to 5
2013-12-14 12:23:00 - Light_Back received command INCREASE
2013-12-14 12:23:00 - Light_Back state updated to 10
2013-12-14 12:23:01 - Light_Back received command INCREASE
2013-12-14 12:23:01 - Light_Back state updated to 15
2013-12-14 12:23:01 - Light_Back received command INCREASE
2013-12-14 12:23:01 - Light_Back state updated to 20
2013-12-14 12:23:01 - Light_Back received command INCREASE
2013-12-14 12:23:01 - Light_Back state updated to 25
2013-12-14 12:23:01 - Light_Back received command INCREASE
2013-12-14 12:23:01 - Light_Back state updated to 30
2013-12-14 12:23:03 - Light_Front received command OFF
2013-12-14 12:23:03 - Light_Back received command OFF
2013-12-14 12:23:03 - Lights received command OFF
2013-12-14 12:23:03 - Light_Front state updated to 0
2013-12-14 12:23:03 - Light_Back state updated to 0
2013-12-14 12:23:07 - Light_Front received command ON
2013-12-14 12:23:07 - Light_Front state updated to 100
2013-12-14 12:23:08 - Light_Front received command OFF
2013-12-14 12:23:08 - Light_Front state updated to 0
2013-12-14 12:23:09 - Light_Front received command ON
2013-12-14 12:23:09 - Light_Front state updated to 100
2013-12-14 12:23:10 - Light_Front received command OFF
2013-12-14 12:23:10 - Light_Front state updated to 0
2013-12-14 12:23:11 - Light_Front received command ON
2013-12-14 12:23:11 - Light_Front state updated to 100
2013-12-14 12:23:11 - Light_Back received command ON
2013-12-14 12:23:11 - Light_Back state updated to 100
2013-12-14 12:23:12 - Light_Back received command OFF
2013-12-14 12:23:12 - Light_Back state updated to 0
2013-12-14 12:23:13 - Light_Front received command OFF
2013-12-14 12:23:13 - Light_Front state updated to 0
2013-12-14 12:23:13 - Light_Front received command ON
2013-12-14 12:23:13 - Light_Front state updated to 100
2013-12-14 12:23:15 - Light_Front received command OFF
2013-12-14 12:23:15 - Light_Front state updated to 0
2013-12-14 12:23:31 - Shutter_Front received command DOWN
2013-12-14 12:23:34 - Shutter_Front received command UP
2013-12-14 12:25:31 - Date state updated to 2013-12-14T12:25:31
2013-12-14 12:25:55 - Light_Front state updated to OFF
2013-12-14 12:25:55 - Light_Back state updated to OFF
2013-12-14 12:29:37 - Light_Front state updated to ON
2013-12-14 12:29:37 - Light_Back state updated to OFF
2013-12-14 12:29:58 - Light_Front state updated to OFF
2013-12-14 12:29:58 - Light_Back state updated to OFF
2013-12-14 12:32:00 - Light_Front state updated to OFF
2013-12-14 12:32:00 - Light_Back state updated to OFF
2013-12-14 12:37:59 - Shutter_Front received command DOWN
2013-12-14 12:38:55 - Shutter_all received command OFF
2013-12-14 12:38:55 - Shutter_Front received command OFF
2013-12-14 12:38:55 - Shutter_Back received command OFF
2013-12-14 12:38:55 - Shutters received command OFF
2013-12-14 12:38:55 - Shutter_Back state updated to 0
2013-12-14 12:38:57 - Shutter_all received command OFF
2013-12-14 12:38:57 - Shutter_Front received command OFF
2013-12-14 12:38:57 - Shutter_Back received command OFF
2013-12-14 12:38:57 - Shutters received command OFF
2013-12-14 12:38:57 - Shutter_Back state updated to 0
2013-12-14 12:38:58 - Shutter_all received command OFF
2013-12-14 12:38:58 - Shutter_Front received command OFF
2013-12-14 12:38:58 - Shutter_Back received command OFF
2013-12-14 12:38:58 - Shutters received command OFF
2013-12-14 12:38:58 - Shutter_Back state updated to 0
2013-12-14 12:38:59 - Shutter_all received command OFF
2013-12-14 12:38:59 - Shutter_Front received command OFF
2013-12-14 12:38:59 - Shutter_Back received command OFF
2013-12-14 12:38:59 - Shutters received command OFF
2013-12-14 12:38:59 - Shutter_Back state updated to 0
2013-12-14 12:39:02 - Shutter_all received command OFF
2013-12-14 12:39:02 - Shutter_Front received command OFF
2013-12-14 12:39:02 - Shutter_Back received command OFF
2013-12-14 12:39:02 - Shutters received command OFF
2013-12-14 12:39:02 - Shutter_Back state updated to 0
2013-12-14 12:39:02 - Shutter_all received command OFF
2013-12-14 12:39:02 - Shutter_Front received command OFF
2013-12-14 12:39:02 - Shutter_Back received command OFF
2013-12-14 12:39:02 - Shutters received command OFF
2013-12-14 12:39:02 - Shutter_Back state updated to 0
2013-12-14 12:39:03 - Shutter_all received command OFF
2013-12-14 12:39:03 - Shutter_Front received command OFF
2013-12-14 12:39:03 - Shutter_Back received command OFF
2013-12-14 12:39:03 - Shutters received command OFF
2013-12-14 12:39:03 - Shutter_Back state updated to 0
2013-12-14 12:40:31 - Date state updated to 2013-12-14T12:40:31
2013-12-14 12:46:02 - Date state updated to 2013-12-14T12:46:02
2013-12-14 12:46:23 - Light_Back received command DECREASE
2013-12-14 12:46:23 - Light_Back state updated to 0
2013-12-14 12:46:24 - Light_Back received command INCREASE
2013-12-14 12:46:24 - Light_Back state updated to 5
2013-12-14 12:46:25 - Light_Back received command INCREASE
2013-12-14 12:46:25 - Light_Back state updated to 10
2013-12-14 12:46:26 - Shutter_all received command OFF
2013-12-14 12:46:26 - Shutter_Front received command OFF
2013-12-14 12:46:26 - Shutter_Back received command OFF
2013-12-14 12:46:26 - Shutters received command OFF
2013-12-14 12:46:26 - Shutter_Back state updated to 0
2013-12-14 12:46:28 - Shutter_all received command OFF
2013-12-14 12:46:28 - Shutter_Front received command OFF
2013-12-14 12:46:28 - Shutter_Back received command OFF
2013-12-14 12:46:28 - Shutters received command OFF
2013-12-14 12:46:28 - Shutter_Back state updated to 0
2013-12-14 12:46:45 - Scene_General received command 1
2013-12-14 12:46:46 - Scene_General received command 2
2013-12-14 12:46:46 - Scene_General received command 3
2013-12-14 12:46:47 - Scene_General received command 1
2013-12-14 12:46:57 - Light_Front received command OFF
2013-12-14 12:46:57 - Light_Front state updated to 0
2013-12-14 12:46:57 - Light_Front received command OFF
2013-12-14 12:46:57 - Light_Front state updated to 0
2013-12-14 12:46:58 - Light_Front received command ON
2013-12-14 12:46:58 - Light_Front state updated to 100
2013-12-14 12:46:58 - Light_Front received command ON
2013-12-14 12:46:58 - Light_Front state updated to 100
2013-12-14 12:47:00 - Light_Front received command OFF
2013-12-14 12:47:00 - Light_Front state updated to 0
2013-12-14 12:51:41 - Shutter_Front received command UP
2013-12-14 12:51:43 - Shutter_Front received command DOWN
2013-12-14 12:51:44 - Shutter_Front received command STOP
2013-12-14 12:52:23 - Shutter_Front received command UP
2013-12-14 12:52:25 - Shutter_Front received command DOWN
2013-12-14 12:52:28 - Shutter_Front received command UP
2013-12-14 12:52:29 - Shutter_Front received command DOWN
2013-12-14 12:52:32 - Shutter_Front received command UP
2013-12-14 12:52:32 - Shutter_Front received command DOWN
2013-12-14 12:52:34 - Shutter_Front received command UP
2013-12-14 12:52:35 - Shutter_Front received command STOP
2013-12-14 12:53:05 - Shutter_Front received command UP
2013-12-14 12:53:06 - Shutter_Front received command DOWN
2013-12-14 12:55:07 - Shutter_Front received command DOWN
2013-12-14 12:55:09 - Shutter_Front received command UP
2013-12-14 12:55:11 - Shutter_Front received command DOWN
2013-12-14 12:56:03 - Shutter_Front received command UP
2013-12-14 12:56:04 - Shutter_all received command OFF
2013-12-14 12:56:04 - Shutter_Front received command OFF
2013-12-14 12:56:04 - Shutter_Back received command OFF
2013-12-14 12:56:04 - Shutters received command OFF
2013-12-14 12:56:04 - Shutter_Back state updated to 0
2013-12-14 12:56:05 - Shutter_Front received command STOP
2013-12-14 12:56:07 - Shutter_Front received command UP
2013-12-14 12:56:08 - Shutter_Front received command DOWN
2013-12-14 12:56:09 - Shutter_Front received command UP
2013-12-14 12:56:09 - Shutter_Front received command DOWN
2013-12-14 12:56:10 - Shutter_Front received command UP
2013-12-14 12:56:11 - Shutter_Front received command DOWN
2013-12-14 12:56:12 - Shutter_Front received command STOP
2013-12-14 12:56:14 - Shutter_Front received command STOP
2013-12-14 12:56:15 - Shutter_Front received command STOP
2013-12-14 12:56:16 - Shutter_Front received command STOP
2013-12-14 12:56:16 - Shutter_Front received command STOP
2013-12-14 12:56:17 - Shutter_Front received command STOP
2013-12-14 12:56:18 - Shutter_Front received command STOP
2013-12-14 12:56:23 - Shutter_Front received command DOWN
2013-12-14 12:56:24 - Shutter_Front received command UP
2013-12-14 12:56:25 - Shutter_Front received command DOWN
2013-12-14 12:56:26 - Shutter_Front received command UP
2013-12-14 12:56:26 - Shutter_Front received command DOWN
2013-12-14 12:56:27 - Shutter_Front received command UP
2013-12-14 12:56:28 - Shutter_Front received command DOWN
2013-12-14 12:56:29 - Shutter_Front received command UP
2013-12-14 12:56:30 - Shutter_Front received command DOWN
2013-12-14 12:56:31 - Shutter_Front received command UP
2013-12-14 12:56:32 - Shutter_Front received command DOWN
2013-12-14 12:57:20 - Shutter_Front received command DOWN
2013-12-14 12:57:21 - Shutter_Front received command UP
2013-12-14 12:57:23 - Shutter_Front received command DOWN
2013-12-14 12:57:44 - Shutter_Front received command DOWN
2013-12-14 12:57:46 - Shutter_Front received command UP
2013-12-14 12:57:47 - Shutter_Front received command DOWN
2013-12-14 12:57:47 - Shutter_Front state updated to 100
2013-12-14 12:57:50 - Shutter_Front received command DOWN
2013-12-14 12:57:50 - Shutter_Front state updated to 100
2013-12-14 12:57:51 - Shutter_Front received command UP
2013-12-14 12:57:51 - Shutter_Front state updated to 0
2013-12-14 12:57:53 - Shutter_Front received command DOWN
2013-12-14 12:57:53 - Shutter_Front state updated to 100
2013-12-14 12:58:05 - Shutter_Front received command UP
2013-12-14 12:58:05 - Shutter_Front state updated to 0
2013-12-14 12:58:07 - Shutter_Front received command DOWN
2013-12-14 12:58:07 - Shutter_Front state updated to 100
2013-12-14 12:58:09 - Shutter_Front received command UP
2013-12-14 12:58:09 - Shutter_Front state updated to 0
2013-12-14 12:58:11 - Shutter_Front received command DOWN
2013-12-14 12:58:12 - Shutter_Front state updated to 100
2013-12-14 12:58:13 - Shutter_Front received command UP
2013-12-14 12:58:14 - Shutter_Front state updated to 0
2013-12-14 12:58:16 - Shutter_Front received command DOWN
2013-12-14 12:58:17 - Shutter_Front state updated to 100
2013-12-14 12:58:18 - Shutter_Front received command UP
2013-12-14 12:58:19 - Shutter_Front state updated to 0
2013-12-14 12:58:20 - Shutter_Front received command DOWN
2013-12-14 12:58:21 - Shutter_Front state updated to 100
2013-12-14 12:58:35 - Shutter_Front received command DOWN
2013-12-14 12:58:36 - Shutter_Front state updated to 95
2013-12-14 12:58:37 - Shutter_Front received command UP
2013-12-14 12:58:38 - Shutter_Front state updated to 5
2013-12-14 12:58:39 - Shutter_Front received command DOWN
2013-12-14 12:58:41 - Shutter_Front state updated to 95
2013-12-14 12:58:54 - Shutter_Front received command DOWN
2013-12-14 12:58:57 - Shutter_Front received command UP
2013-12-14 12:58:59 - Shutter_Front received command DOWN
2013-12-14 13:00:41 - Shutter_Front received command UP
2013-12-14 13:00:42 - Shutter_Front state updated to 5
2013-12-14 13:00:43 - Shutter_Front received command UP
2013-12-14 13:00:43 - Shutter_Front received command UP
2013-12-14 13:00:44 - Shutter_Front state updated to 5
2013-12-14 13:00:44 - Shutter_Front received command UP
2013-12-14 13:00:44 - Shutter_Front state updated to 5
2013-12-14 13:00:45 - Shutter_Front received command UP
2013-12-14 13:00:45 - Shutter_Front state updated to 5
2013-12-14 13:00:46 - Shutter_Front received command UP
2013-12-14 13:00:47 - Shutter_Front received command UP
2013-12-14 13:00:47 - Shutter_Front state updated to 5
2013-12-14 13:00:47 - Shutter_Front received command UP
2013-12-14 13:00:48 - Shutter_Front state updated to 5
2013-12-14 13:00:49 - Shutter_Front state updated to 5
2013-12-14 13:00:49 - Shutter_Front state updated to 5
2013-12-14 13:01:02 - Date state updated to 2013-12-14T13:01:02
2013-12-14 13:01:04 - Shutter_Front received command UP
2013-12-14 13:01:05 - Shutter_Front state updated to 5
2013-12-14 13:01:24 - Shutter_Front received command UP
2013-12-14 13:01:25 - Shutter_Front state updated to 5
2013-12-14 13:01:26 - Shutter_Front received command UP
2013-12-14 13:01:27 - Shutter_Front received command UP
2013-12-14 13:01:27 - Shutter_Front state updated to 5
2013-12-14 13:01:27 - Shutter_Front state updated to 10
2013-12-14 13:01:28 - Shutter_Front received command UP
2013-12-14 13:01:29 - Shutter_Front state updated to 5
2013-12-14 13:01:30 - Shutter_Front received command UP
2013-12-14 13:01:30 - Shutter_Front received command UP
2013-12-14 13:01:31 - Shutter_Front received command UP
2013-12-14 13:01:31 - Shutter_Front state updated to 5
2013-12-14 13:01:32 - Shutter_Front received command UP
2013-12-14 13:01:32 - Shutter_Front state updated to 5
2013-12-14 13:01:33 - Shutter_Front state updated to 10
2013-12-14 13:01:34 - Shutter_Front state updated to 5
2013-12-14 13:01:41 - Shutter_Front received command UP
2013-12-14 13:01:42 - Shutter_Front state updated to 5
2013-12-14 13:01:42 - Shutter_Front received command UP
2013-12-14 13:01:42 - Shutter_Front state updated to 5
2013-12-14 13:02:04 - Shutter_Front received command UP
2013-12-14 13:02:06 - Shutter_Front state updated to 5
2013-12-14 13:02:07 - Shutter_Front received command UP
2013-12-14 13:02:09 - Shutter_Front state updated to 5
2013-12-14 13:04:05 - Date state updated to 2013-12-14T13:04:05
2013-12-14 13:09:18 - Shutter_Front received command DOWN
2013-12-14 13:09:22 - Shutter_Front state updated to 95
2013-12-14 13:09:42 - Shutter_Front received command DOWN
2013-12-14 13:09:49 - Shutter_Front received command DOWN
2013-12-14 13:14:23 - Shutter_Front received command UP
2013-12-14 13:14:28 - Shutter_Front received command DOWN
2013-12-14 13:16:31 - Light_Front received command INCREASE
2013-12-14 13:16:31 - Light_Front state updated to 5
2013-12-14 13:16:31 - Light_Front received command INCREASE
2013-12-14 13:16:31 - Light_Front state updated to 10
2013-12-14 13:16:31 - Light_Front received command INCREASE
2013-12-14 13:16:31 - Light_Front state updated to 15
2013-12-14 13:16:32 - Light_Front received command INCREASE
2013-12-14 13:16:32 - Light_Front state updated to 20
2013-12-14 13:16:32 - Light_Front received command INCREASE
2013-12-14 13:16:32 - Light_Front state updated to 25
2013-12-14 13:16:32 - Light_Front received command INCREASE
2013-12-14 13:16:32 - Light_Front state updated to 30
2013-12-14 13:16:33 - Light_Front received command INCREASE
2013-12-14 13:16:33 - Light_Front state updated to 35
2013-12-14 13:16:33 - Light_Front received command INCREASE
2013-12-14 13:16:33 - Light_Front state updated to 40
2013-12-14 13:16:33 - Light_Front received command INCREASE
2013-12-14 13:16:33 - Light_Front state updated to 45
2013-12-14 13:16:34 - Light_Front received command INCREASE
2013-12-14 13:16:34 - Light_Front state updated to 50
2013-12-14 13:16:34 - Light_Front received command INCREASE
2013-12-14 13:16:34 - Light_Front state updated to 55
2013-12-14 13:16:34 - Light_Front received command INCREASE
2013-12-14 13:16:34 - Light_Front state updated to 60
2013-12-14 13:16:34 - Light_Front received command INCREASE
2013-12-14 13:16:34 - Light_Front state updated to 65
2013-12-14 13:16:35 - Light_Front received command DECREASE
2013-12-14 13:16:35 - Light_Front state updated to 60
2013-12-14 13:16:36 - Light_Front received command INCREASE
2013-12-14 13:16:36 - Light_Front state updated to 65
2013-12-14 13:16:36 - Light_Front received command INCREASE
2013-12-14 13:16:36 - Light_Front state updated to 70
2013-12-14 13:16:37 - Light_Front received command INCREASE
2013-12-14 13:16:37 - Light_Front state updated to 75
2013-12-14 13:16:38 - Light_Back received command INCREASE
2013-12-14 13:16:38 - Light_Back state updated to 5
2013-12-14 13:16:39 - Light_Back received command INCREASE
2013-12-14 13:16:39 - Light_Back state updated to 10
2013-12-14 13:16:39 - Light_Back received command INCREASE
2013-12-14 13:16:39 - Light_Back state updated to 15
2013-12-14 13:16:39 - Light_Back received command INCREASE
2013-12-14 13:16:39 - Light_Back state updated to 20
2013-12-14 13:16:40 - Light_Back received command INCREASE
2013-12-14 13:16:40 - Light_Back state updated to 25
2013-12-14 13:16:40 - Light_Back received command INCREASE
2013-12-14 13:16:40 - Light_Back state updated to 30
2013-12-14 13:16:41 - Light_Back received command DECREASE
2013-12-14 13:16:41 - Light_Back state updated to 25
2013-12-14 13:16:42 - Light_Back received command DECREASE
2013-12-14 13:16:42 - Light_Back state updated to 20
2013-12-14 13:16:42 - Light_Back received command DECREASE
2013-12-14 13:16:42 - Light_Back state updated to 15
2013-12-14 13:16:44 - Shutter_Front received command DOWN
2013-12-14 13:16:45 - Shutter_Front received command UP
2013-12-14 13:16:47 - Shutter_Front received command DOWN
2013-12-14 13:17:35 - Shutter_Front received command DOWN
2013-12-14 13:17:37 - Shutter_Front received command UP
2013-12-14 13:19:05 - Date state updated to 2013-12-14T13:19:05
2013-12-14 13:32:58 - Shutter_Front received command DOWN
2013-12-14 13:32:59 - Shutter_Front received command UP
2013-12-14 13:33:01 - Shutter_Back received command DOWN
2013-12-14 13:33:03 - Shutter_Back received command UP
2013-12-14 13:33:04 - Shutter_Back received command STOP
2013-12-14 13:33:06 - Shutter_Back received command DOWN
2013-12-14 13:33:11 - Shutter_Front received command DOWN
2013-12-14 13:33:12 - Shutter_Front received command UP
2013-12-14 13:33:14 - Shutter_Front received command DOWN
2013-12-14 13:33:15 - Shutter_Back received command DOWN
2013-12-14 13:33:17 - Shutter_Back received command UP
2013-12-14 13:33:18 - Shutter_Back received command DOWN
2013-12-14 13:33:20 - Shutter_Back received command UP
2013-12-14 13:33:20 - Shutter_Back received command DOWN
2013-12-14 13:34:05 - Date state updated to 2013-12-14T13:34:05
2013-12-14 13:34:48 - Shutter_Front received command DOWN
2013-12-14 13:34:49 - Shutter_Front received command DOWN
2013-12-14 13:34:51 - Shutter_Front received command UP
2013-12-14 13:34:53 - Shutter_Front received command UP
2013-12-14 13:35:25 - Shutter_Front received command DOWN
2013-12-14 13:35:27 - Shutter_Front received command DOWN
2013-12-14 13:35:28 - Shutter_Front received command UP
2013-12-14 13:35:32 - Shutter_Front received command DOWN
2013-12-14 13:35:34 - Shutter_Front received command DOWN
2013-12-14 13:35:35 - Shutter_Front received command UP
2013-12-14 13:35:40 - Shutter_Front received command UP
2013-12-14 13:36:49 - Shutter_Front received command DOWN
2013-12-14 13:36:51 - Shutter_Front received command UP
2013-12-14 13:36:52 - Shutter_Back received command DOWN
2013-12-14 13:36:54 - Shutter_Back received command DOWN
2013-12-14 13:36:55 - Shutter_Back received command UP
2013-12-14 13:36:56 - Shutter_Back received command UP
2013-12-14 13:36:57 - Shutter_Back received command DOWN
2013-12-14 13:36:58 - Shutter_Front received command DOWN
2013-12-14 13:37:05 - Shutter_Front received command STOP
2013-12-14 13:37:07 - Shutter_Front received command UP
2013-12-14 13:37:07 - Shutter_Front received command UP
2013-12-14 13:37:09 - Shutter_Front received command DOWN
2013-12-14 13:37:12 - Light_Back received command DECREASE
2013-12-14 13:37:12 - Light_Back state updated to 0
2013-12-14 13:37:13 - Light_Front received command DECREASE
2013-12-14 13:37:13 - Light_Front state updated to 0
2013-12-14 13:37:14 - Light_Front received command DECREASE
2013-12-14 13:37:14 - Light_Front state updated to 0
2013-12-14 13:37:15 - Light_Front received command INCREASE
2013-12-14 13:37:15 - Light_Front state updated to 5
2013-12-14 13:37:15 - Light_Front received command INCREASE
2013-12-14 13:37:15 - Light_Front state updated to 10
2013-12-14 13:37:16 - Light_Front received command INCREASE
2013-12-14 13:37:16 - Light_Front state updated to 15
2013-12-14 13:37:16 - Light_Front received command INCREASE
2013-12-14 13:37:16 - Light_Front state updated to 20
2013-12-14 13:37:17 - Light_Front received command OFF
2013-12-14 13:37:17 - Light_Back received command OFF
2013-12-14 13:37:17 - Lights received command OFF
2013-12-14 13:37:17 - Light_Front state updated to 0
2013-12-14 13:37:17 - Light_Back state updated to 0
2013-12-14 13:37:19 - Scene_General received command 1
2013-12-14 13:37:19 - Scene_General received command 2
2013-12-14 13:37:20 - Scene_General received command 3
2013-12-14 13:37:25 - Shutter_Front received command UP
2013-12-14 13:37:26 - Shutter_Back received command UP
2013-12-14 13:37:32 - Shutter_Back received command UP
2013-12-14 13:37:34 - Shutter_Back received command UP
2013-12-14 13:37:35 - Shutter_Back received command UP
2013-12-14 13:37:35 - Shutter_Back received command UP
2013-12-14 13:37:35 - Shutter_Back received command UP
2013-12-14 13:37:35 - Shutter_Back received command UP
2013-12-14 13:37:35 - Shutter_Back received command UP
2013-12-14 13:37:36 - Shutter_Back received command DOWN
2013-12-14 13:37:38 - Shutter_Back received command UP
2013-12-14 13:37:46 - Shutter_Front received command DOWN
2013-12-14 13:37:52 - Shutter_Back received command UP
2013-12-14 13:37:53 - Shutter_Back received command STOP
2013-12-14 13:37:53 - Shutter_Back received command UP
2013-12-14 13:37:54 - Shutter_Back received command UP
2013-12-14 13:37:54 - Shutter_Back received command UP
2013-12-14 13:37:54 - Shutter_Back received command UP
2013-12-14 13:37:54 - Shutter_Back received command UP
2013-12-14 13:37:55 - Shutter_Back received command UP
2013-12-14 13:37:55 - Shutter_Back received command UP
2013-12-14 13:37:55 - Shutter_Back received command UP
2013-12-14 13:37:55 - Shutter_Back received command UP
2013-12-14 13:37:55 - Shutter_Back received command UP
2013-12-14 13:37:56 - Shutter_Back received command UP
2013-12-14 13:37:56 - Shutter_Back received command UP
2013-12-14 13:37:56 - Shutter_Back received command UP
2013-12-14 13:37:56 - Shutter_Back received command UP
2013-12-14 13:37:56 - Shutter_Back received command UP
2013-12-14 13:37:57 - Shutter_Back received command UP
2013-12-14 13:37:57 - Shutter_Back received command UP
2013-12-14 13:37:57 - Shutter_Back received command UP
2013-12-14 13:37:57 - Shutter_Back received command UP
2013-12-14 13:37:57 - Shutter_Back received command UP
2013-12-14 13:37:58 - Shutter_Back received command UP
2013-12-14 13:37:58 - Shutter_Back received command UP
2013-12-14 13:37:58 - Shutter_Back received command UP
2013-12-14 13:38:51 - Shutter_Front received command DOWN
2013-12-14 13:38:52 - Shutter_Front received command UP
2013-12-14 13:38:55 - Shutter_Front received command DOWN
2013-12-14 13:38:56 - Shutter_Front received command UP
2013-12-14 13:38:58 - Shutter_Front received command DOWN
2013-12-14 13:42:37 - Color_Light_Front received command 113.87096774193549,72.94117647058823,100
2013-12-14 13:44:27 - Color_Light_Back received command 13.872832369942197,67.84313725490196,100
2013-12-14 13:44:38 - Light_Back state updated to 0
2013-12-14 13:44:45 - Color_Light_Back received command 114.05172413793105,90.98039215686275,100
2013-12-14 13:44:55 - Light_Back state updated to 0
2013-12-14 13:45:04 - Color_Light_Back received command 3.0252100840336134,93.33333333333333,100
2013-12-14 13:45:14 - Light_Back state updated to 0
2013-12-14 13:45:17 - Color_Light_Back received command 335.05263157894734,74.50980392156863,100
2013-12-14 13:45:27 - Light_Back state updated to 0
2013-12-14 13:46:52 - Color_Light_Back received command 213.19148936170214,55.294117647058826,100
2013-12-14 13:47:13 - Light_Back state updated to 0
2013-12-14 13:49:05 - Date state updated to 2013-12-14T13:49:05
2013-12-14 13:55:37 - Color_Light_Back received command 15,40.78431372549019,100
2013-12-14 13:56:43 - Color_Light_Back received command 86.84210526315789,14.901960784313726,100
2013-12-14 13:56:49 - Color_Light_Front received command 226.8292682926829,64.31372549019608,100
2013-12-14 13:57:10 - Color_Light_Front received command 321.0576923076923,81.56862745098039,100
2013-12-14 13:57:33 - Scene_General received command 1
2013-12-14 13:57:33 - Scene_General received command 2
2013-12-14 13:57:34 - Scene_General received command 3
2013-12-14 13:58:11 - Light_Front received command OFF
2013-12-14 13:58:11 - Light_Back received command OFF
2013-12-14 13:58:11 - Color_Light_Front received command OFF
2013-12-14 13:58:11 - Color_Light_Back received command OFF
2013-12-14 13:58:11 - Lights received command OFF
2013-12-14 13:58:11 - Light_Front state updated to 0
2013-12-14 13:58:11 - Light_Back state updated to 0
2013-12-14 13:58:37 - Color_Light_Front received command OFF
2013-12-14 13:58:38 - Color_Light_Front received command ON
2013-12-14 13:58:39 - Color_Light_Back received command ON
2013-12-14 13:58:50 - Light_Front received command INCREASE
2013-12-14 13:58:51 - Light_Front state updated to 5
2013-12-14 13:58:51 - Light_Back received command INCREASE
2013-12-14 13:58:51 - Light_Back state updated to 5
2013-12-14 13:58:52 - Light_Back received command INCREASE
2013-12-14 13:58:52 - Light_Back state updated to 10
2013-12-14 13:58:52 - Light_Back received command INCREASE
2013-12-14 13:58:52 - Light_Back state updated to 15
2013-12-14 14:04:05 - Date state updated to 2013-12-14T14:04:05
2013-12-14 14:04:45 - Light_Back received command ON
2013-12-14 14:04:46 - Light_Back state updated to 100
2013-12-14 14:04:47 - Light_Back received command OFF
2013-12-14 14:04:48 - Light_Back state updated to 0
2013-12-14 14:04:48 - Light_Back received command ON
2013-12-14 14:04:49 - Light_Back state updated to 100
2013-12-14 14:04:50 - Light_Back received command OFF
2013-12-14 14:04:51 - Light_Back state updated to 0
2013-12-14 14:05:02 - Light_Back received command ON
2013-12-14 14:05:04 - Light_Back state updated to 100
2013-12-14 14:05:04 - Light_Back received command OFF
2013-12-14 14:05:05 - Light_Back state updated to 0
2013-12-14 14:05:10 - Light_Back received command ON
2013-12-14 14:05:12 - Light_Back state updated to 100
2013-12-14 14:05:36 - Light_Back received command ON
2013-12-14 14:05:37 - Light_Back state updated to 100
2013-12-14 14:05:38 - Light_Back received command ON
2013-12-14 14:05:40 - Light_Back state updated to 100
2013-12-14 14:06:03 - Light_Back received command ON
2013-12-14 14:06:05 - Light_Back state updated to 100
